#
# A fatal error has been detected by the Java Runtime Environment:
#
#  EXCEPTION_ACCESS_VIOLATION (0xc0000005) at pc=0x000000006e4964d0, pid=5480, tid=0x000000000000b4e0
#
# JRE version: OpenJDK Runtime Environment (8.0_76-b03) (build 1.8.0_76-release-b03)
# Java VM: OpenJDK 64-Bit Server VM (25.76-b03 mixed mode windows-amd64 compressed oops)
# Problematic frame:
# V  [jvm.dll+0xc64d0]
#
# Failed to write core dump. Minidumps are not enabled by default on client versions of Windows
#
# If you would like to submit a bug report, please visit:
#   http://bugreport.java.com/bugreport/crash.jsp
#

---------------  T H R E A D  ---------------

Current thread (0x000000001aba6000):  JavaThread "Daemon worker Thread 2" [_thread_in_vm, id=46304, stack(0x0000000019c00000,0x0000000019d00000)]

siginfo: ExceptionCode=0xc0000005, reading address 0xffffffffffffffff

Registers:
RAX=0x0000000000000010, RBX=0x0000000000000000, RCX=0x0000000000000010, RDX=0x0000000000000000
RSP=0x0000000019cfba98, RBP=0x00000000000007ff, RSI=0x00000000ec16c668, RDI=0x000000000000000f
R8 =0x000000000000000f, R9 =0x000000000000000f, R10=0x00000000ec16c640, R11=0x0000000000000000
R12=0x0000000000000000, R13=0x000000001abb2b40, R14=0x000000001abb2b50, R15=0x000000001abb2f28
RIP=0x000000006e4964d0, EFLAGS=0x0000000000010246

Top of Stack: (sp=0x0000000019cfba98)
0x0000000019cfba98:   000000006e622648 0000000019cfbb80
0x0000000019cfbaa8:   0000000000000000 000000001aba6000
0x0000000019cfbab8:   000000006e429b4d 00000000ec16c640
0x0000000019cfbac8:   000000006e4ef350 000000000000000f
0x0000000019cfbad8:   000000001eaba210 000000001aba6000
0x0000000019cfbae8:   0000000019cfbc90 0000000000000000
0x0000000019cfbaf8:   000000006e4ee59e 000000001aba6000
0x0000000019cfbb08:   0000000000000000 0000000000000000
0x0000000019cfbb18:   000000006e4ee3ec 000000000000000f
0x0000000019cfbb28:   000000001aba61e0 0000000000000000
0x0000000019cfbb38:   0000000019cfbc80 0000000019cfbb80
0x0000000019cfbb48:   00007ff9869b1aee 00000000000003d8
0x0000000019cfbb58:   00000000ec16c500 0000000019cfbc90
0x0000000019cfbb68:   0000000000000000 0000000019cfbb80
0x0000000019cfbb78:   00000000ec16b490 646172672f67726f
0x0000000019cfbb88:   6c65646f6d2f656c 614d6c65646f4d2f 

Instructions: (pc=0x000000006e4964d0)
0x000000006e4964b0:   ff ff ff cc cc cc cc cc cc cc cc cc cc cc cc cc
0x000000006e4964c0:   48 8b 89 18 01 00 00 e9 14 b2 f3 ff cc cc cc cc
0x000000006e4964d0:   48 89 5c 24 08 57 48 83 ec 20 48 8b f9 8b 0d a5
0x000000006e4964e0:   df 69 00 8b da ff 15 ad 8e 4d 00 44 8b c3 48 8b 


Register to memory mapping:

RAX=0x0000000000000010 is an unknown value
RBX=0x0000000000000000 is an unknown value
RCX=0x0000000000000010 is an unknown value
RDX=0x0000000000000000 is an unknown value
RSP=0x0000000019cfba98 is pointing into the stack for thread: 0x000000001aba6000
RBP=0x00000000000007ff is an unknown value
RSI=0x00000000ec16c668 is an oop

[error occurred during error reporting (printing register info), id 0xc0000005]

Stack: [0x0000000019c00000,0x0000000019d00000],  sp=0x0000000019cfba98,  free space=1006k
Native frames: (J=compiled Java code, j=interpreted, Vv=VM code, C=native code)
V  [jvm.dll+0xc64d0]
V  [jvm.dll+0x252648]
V  [jvm.dll+0x11f350]
C  [java.dll+0x1aee]
C  0x00000000029cf70d

Java frames: (J=compiled Java code, j=interpreted, Vv=VM code)
J 1438  java.lang.Class.forName0(Ljava/lang/String;ZLjava/lang/ClassLoader;Ljava/lang/Class;)Ljava/lang/Class; (0 bytes) @ 0x00000000029cf687 [0x00000000029cf600+0x87]
J 13908 C2 sun.reflect.generics.visitor.Reifier.visitClassTypeSignature(Lsun/reflect/generics/tree/ClassTypeSignature;)V (381 bytes) @ 0x00000000043698a4 [0x0000000004369500+0x3a4]
J 13998 C2 sun.reflect.generics.tree.ClassTypeSignature.accept(Lsun/reflect/generics/visitor/TypeTreeVisitor;)V (8 bytes) @ 0x00000000043d0c68 [0x00000000043d0c20+0x48]
J 5263 C2 java.lang.reflect.Executable.sharedToGenericString(IZ)Ljava/lang/String; (329 bytes) @ 0x00000000035ef6b0 [0x00000000035edc80+0x1a30]
J 13913 C1 java.beans.MethodRef.find(Ljava/lang/Class;Ljava/lang/String;)Ljava/lang/reflect/Method; (62 bytes) @ 0x000000000400f984 [0x000000000400f060+0x924]
J 13890 C1 java.beans.MethodRef.get()Ljava/lang/reflect/Method; (92 bytes) @ 0x0000000003edefcc [0x0000000003edeb00+0x4cc]
J 13898 C1 java.beans.PropertyDescriptor.getReadMethod()Ljava/lang/reflect/Method; (175 bytes) @ 0x00000000043c9274 [0x00000000043c90a0+0x1d4]
J 5989 C1 groovy.lang.MetaClassImpl.applyPropertyDescriptors([Ljava/beans/PropertyDescriptor;)V (151 bytes) @ 0x0000000002fbd314 [0x0000000002fbc900+0xa14]
j  groovy.lang.MetaClassImpl.setupProperties([Ljava/beans/PropertyDescriptor;)V+264
j  groovy.lang.MetaClassImpl.addProperties()V+72
J 14251 C1 groovy.lang.MetaClassImpl.initialize()V (35 bytes) @ 0x0000000004c6419c [0x0000000004c63f40+0x25c]
J 14039 C1 org.codehaus.groovy.reflection.ClassInfo.getMetaClassUnderLock()Lgroovy/lang/MetaClass; (75 bytes) @ 0x00000000044026dc [0x0000000004401cc0+0xa1c]
J 13995 C1 org.codehaus.groovy.reflection.ClassInfo.getMetaClass()Lgroovy/lang/MetaClass; (33 bytes) @ 0x0000000004384b7c [0x0000000004383fa0+0xbdc]
J 5441 C1 groovy.lang.GroovyObjectSupport.<init>()V (16 bytes) @ 0x000000000367676c [0x0000000003676220+0x54c]
j  org.gradle.model.internal.core.ModelMapGroovyView.<init>()V+1
j  org.gradle.model.internal.core.NodeBackedModelMap.<init>(Lorg/gradle/model/internal/type/ModelType;Lorg/gradle/model/internal/type/ModelType;Lorg/gradle/model/internal/core/rule/describe/ModelRuleDescriptor;Lorg/gradle/model/internal/core/MutableModelNode;Lorg/gradle/model/internal/core/ModelViewState;Lorg/gradle/model/internal/core/NodeBackedModelMap$ElementFilter;Lorg/gradle/model/internal/core/ChildNodeInitializerStrategy;)V+1
j  org.gradle.model.internal.core.NodeBackedModelMap.<init>(Lorg/gradle/model/internal/type/ModelType;Lorg/gradle/model/internal/type/ModelType;Lorg/gradle/model/internal/core/rule/describe/ModelRuleDescriptor;Lorg/gradle/model/internal/core/MutableModelNode;Lorg/gradle/model/internal/core/ModelViewState;Lorg/gradle/model/internal/core/ChildNodeInitializerStrategy;)V+13
j  org.gradle.platform.base.BinaryContainer_Impl.<init>(Lorg/gradle/model/internal/type/ModelType;Lorg/gradle/model/internal/type/ModelType;Lorg/gradle/model/internal/core/rule/describe/ModelRuleDescriptor;Lorg/gradle/model/internal/core/MutableModelNode;Lorg/gradle/model/internal/core/ModelViewState;Lorg/gradle/model/internal/core/ChildNodeInitializerStrategy;)V+10
v  ~StubRoutines::call_stub
J 2048  sun.reflect.NativeConstructorAccessorImpl.newInstance0(Ljava/lang/reflect/Constructor;[Ljava/lang/Object;)Ljava/lang/Object; (0 bytes) @ 0x0000000002cd3a66 [0x0000000002cd3a00+0x66]
J 2047 C1 sun.reflect.NativeConstructorAccessorImpl.newInstance([Ljava/lang/Object;)Ljava/lang/Object; (89 bytes) @ 0x0000000002cf15d4 [0x0000000002cf0580+0x1054]
J 6587 C2 java.lang.reflect.Constructor.newInstance([Ljava/lang/Object;)Ljava/lang/Object; (87 bytes) @ 0x0000000002a4c570 [0x0000000002a4c4a0+0xd0]
J 5533 C1 org.gradle.internal.reflect.DirectInstantiator.newInstance(Ljava/lang/Class;[Ljava/lang/Object;)Ljava/lang/Object; (50 bytes) @ 0x00000000036b43c4 [0x00000000036b4240+0x184]
j  org.gradle.internal.reflect.DirectInstantiator.instantiate(Ljava/lang/Class;[Ljava/lang/Object;)Ljava/lang/Object;+5
j  org.gradle.model.internal.core.SpecializedModelMapProjection.toView(Lorg/gradle/model/internal/core/MutableModelNode;Lorg/gradle/model/internal/core/rule/describe/ModelRuleDescriptor;Z)Lorg/gradle/model/internal/core/ModelView;+83
j  org.gradle.model.internal.core.SpecializedModelMapProjection.asMutable(Lorg/gradle/model/internal/type/ModelType;Lorg/gradle/model/internal/core/MutableModelNode;Lorg/gradle/model/internal/core/rule/describe/ModelRuleDescriptor;)Lorg/gradle/model/internal/core/ModelView;+12
j  org.gradle.model.internal.core.ChainingModelProjection.asMutable(Lorg/gradle/model/internal/type/ModelType;Lorg/gradle/model/internal/core/MutableModelNode;Lorg/gradle/model/internal/core/rule/describe/ModelRuleDescriptor;)Lorg/gradle/model/internal/core/ModelView;+38
j  org.gradle.model.internal.registry.ModelElementNode.asMutable(Lorg/gradle/model/internal/type/ModelType;Lorg/gradle/model/internal/core/rule/describe/ModelRuleDescriptor;)Lorg/gradle/model/internal/core/ModelView;+14
j  org.gradle.model.internal.inspect.AbstractMethodRuleAction.execute(Lorg/gradle/model/internal/inspect/ModelRuleInvoker;Lorg/gradle/model/internal/core/MutableModelNode;Ljava/util/List;)V+12
j  org.gradle.model.internal.inspect.ModelRuleExtractor$DefaultExtractedRuleSource$ContextualizedModelAction.execute(Lorg/gradle/model/internal/core/MutableModelNode;Ljava/util/List;)V+58
J 8762 C1 org.gradle.model.internal.registry.DefaultModelRegistry$4.run()V (18 bytes) @ 0x0000000002c4a3d4 [0x0000000002c4a2c0+0x114]
J 7332 C1 org.gradle.model.internal.registry.RuleContext.run(Lorg/gradle/model/internal/core/rule/describe/ModelRuleDescriptor;Ljava/lang/Runnable;)V (58 bytes) @ 0x0000000003b1ef44 [0x0000000003b1ec00+0x344]
J 8764 C1 org.gradle.model.internal.registry.DefaultModelRegistry.fireAction(Lorg/gradle/model/internal/registry/RuleBinder;)V (114 bytes) @ 0x0000000003e21efc [0x0000000003e21080+0xe7c]
J 7298 C1 org.gradle.model.internal.registry.DefaultModelRegistry$RunModelAction.apply()V (64 bytes) @ 0x0000000003afe374 [0x0000000003afd7e0+0xb94]
J 7325 C1 org.gradle.model.internal.registry.DefaultModelRegistry.transitionTo(Lorg/gradle/model/internal/registry/DefaultModelRegistry$GoalGraph;Lorg/gradle/model/internal/registry/DefaultModelRegistry$ModelGoal;)V (275 bytes) @ 0x0000000003b1bce4 [0x0000000003b1b320+0x9c4]
j  org.gradle.model.internal.registry.DefaultModelRegistry.transition(Lorg/gradle/model/internal/registry/ModelNodeInternal;Lorg/gradle/model/internal/core/ModelNode$State;Z)V+161
j  org.gradle.model.internal.registry.DefaultModelRegistry.atStateOrMaybeLater(Lorg/gradle/model/internal/core/ModelPath;Lorg/gradle/model/internal/core/ModelNode$State;Z)Lorg/gradle/model/internal/registry/ModelNodeInternal;+52
j  org.gradle.model.internal.registry.DefaultModelRegistry.atStateOrLater(Lorg/gradle/model/internal/core/ModelPath;Lorg/gradle/model/internal/core/ModelNode$State;)Lorg/gradle/model/internal/core/ModelNode;+4
j  org.gradle.api.internal.tasks.DefaultTaskContainer.discoverTasks()V+30
j  org.gradle.execution.TaskNameResolver.discoverTasks(Lorg/gradle/api/internal/project/ProjectInternal;)V+6
j  org.gradle.execution.TaskNameResolver.selectWithName(Ljava/lang/String;Lorg/gradle/api/internal/project/ProjectInternal;Z)Lorg/gradle/execution/TaskSelectionResult;+48
j  org.gradle.execution.TaskSelector.getSelection(Ljava/lang/String;Lorg/gradle/api/internal/project/ProjectInternal;)Lorg/gradle/execution/TaskSelector$TaskSelection;+72
j  org.gradle.execution.TaskSelector.getSelection(Ljava/lang/String;Ljava/lang/String;)Lorg/gradle/execution/TaskSelector$TaskSelection;+35
j  org.gradle.execution.commandline.CommandLineTaskParser.parseTasks(Lorg/gradle/TaskExecutionRequest;)Ljava/util/List;+51
j  org.gradle.execution.TaskNameResolvingBuildConfigurationAction.configure(Lorg/gradle/execution/BuildExecutionContext;)V+62
j  org.gradle.execution.DefaultBuildConfigurationActionExecuter.configure(Ljava/util/List;Lorg/gradle/api/internal/GradleInternal;I)V+32
j  org.gradle.execution.DefaultBuildConfigurationActionExecuter.access$000(Lorg/gradle/execution/DefaultBuildConfigurationActionExecuter;Ljava/util/List;Lorg/gradle/api/internal/GradleInternal;I)V+4
j  org.gradle.execution.DefaultBuildConfigurationActionExecuter$1.proceed()V+18
j  org.gradle.execution.DefaultTasksBuildExecutionAction.configure(Lorg/gradle/execution/BuildExecutionContext;)V+58
j  org.gradle.execution.DefaultBuildConfigurationActionExecuter.configure(Ljava/util/List;Lorg/gradle/api/internal/GradleInternal;I)V+32
j  org.gradle.execution.DefaultBuildConfigurationActionExecuter.access$000(Lorg/gradle/execution/DefaultBuildConfigurationActionExecuter;Ljava/util/List;Lorg/gradle/api/internal/GradleInternal;I)V+4
j  org.gradle.execution.DefaultBuildConfigurationActionExecuter$1.proceed()V+18
j  org.gradle.execution.ExcludedTaskFilteringBuildConfigurationAction.configure(Lorg/gradle/execution/BuildExecutionContext;)V+102
j  org.gradle.execution.DefaultBuildConfigurationActionExecuter.configure(Ljava/util/List;Lorg/gradle/api/internal/GradleInternal;I)V+32
j  org.gradle.execution.DefaultBuildConfigurationActionExecuter.select(Lorg/gradle/api/internal/GradleInternal;)V+29
j  org.gradle.initialization.DefaultGradleLauncher$3.run()V+14
J 3266 C1 org.gradle.internal.Factories$1.create()Ljava/lang/Object; (11 bytes) @ 0x0000000003059444 [0x0000000003059340+0x104]
j  org.gradle.internal.progress.DefaultBuildOperationExecutor.run(Lorg/gradle/internal/progress/BuildOperationDetails;Lorg/gradle/internal/Factory;)Ljava/lang/Object;+171
j  org.gradle.internal.progress.DefaultBuildOperationExecutor.run(Ljava/lang/String;Ljava/lang/Runnable;)V+12
j  org.gradle.initialization.DefaultGradleLauncher.doBuildStages(Lorg/gradle/initialization/DefaultGradleLauncher$Stage;)V+66
j  org.gradle.initialization.DefaultGradleLauncher.access$200(Lorg/gradle/initialization/DefaultGradleLauncher;Lorg/gradle/initialization/DefaultGradleLauncher$Stage;)V+2
j  org.gradle.initialization.DefaultGradleLauncher$1.create()Lorg/gradle/BuildResult;+29
j  org.gradle.initialization.DefaultGradleLauncher$1.create()Ljava/lang/Object;+1
j  org.gradle.internal.progress.DefaultBuildOperationExecutor.run(Lorg/gradle/internal/progress/BuildOperationDetails;Lorg/gradle/internal/Factory;)Ljava/lang/Object;+171
j  org.gradle.internal.progress.DefaultBuildOperationExecutor.run(Ljava/lang/String;Lorg/gradle/internal/Factory;)Ljava/lang/Object;+9
j  org.gradle.initialization.DefaultGradleLauncher.doBuild(Lorg/gradle/initialization/DefaultGradleLauncher$Stage;)Lorg/gradle/BuildResult;+15
j  org.gradle.initialization.DefaultGradleLauncher.run()Lorg/gradle/BuildResult;+4
j  org.gradle.launcher.exec.InProcessBuildActionExecuter$DefaultBuildController.run()Lorg/gradle/api/internal/GradleInternal;+4
j  org.gradle.tooling.internal.provider.runner.BuildModelActionRunner.run(Lorg/gradle/internal/invocation/BuildAction;Lorg/gradle/internal/invocation/BuildController;)V+29
j  org.gradle.launcher.exec.ChainingBuildActionRunner.run(Lorg/gradle/internal/invocation/BuildAction;Lorg/gradle/internal/invocation/BuildController;)V+34
j  org.gradle.tooling.internal.provider.runner.SubscribableBuildActionRunner.run(Lorg/gradle/internal/invocation/BuildAction;Lorg/gradle/internal/invocation/BuildController;)V+37
j  org.gradle.launcher.exec.ChainingBuildActionRunner.run(Lorg/gradle/internal/invocation/BuildAction;Lorg/gradle/internal/invocation/BuildController;)V+34
j  org.gradle.launcher.exec.InProcessBuildActionExecuter.execute(Lorg/gradle/internal/invocation/BuildAction;Lorg/gradle/initialization/BuildRequestContext;Lorg/gradle/launcher/exec/BuildActionParameters;Lorg/gradle/internal/service/ServiceRegistry;)Ljava/lang/Object;+77
j  org.gradle.launcher.exec.InProcessBuildActionExecuter.execute(Lorg/gradle/internal/invocation/BuildAction;Lorg/gradle/initialization/BuildRequestContext;Ljava/lang/Object;Lorg/gradle/internal/service/ServiceRegistry;)Ljava/lang/Object;+9
j  org.gradle.launcher.exec.ContinuousBuildActionExecuter.execute(Lorg/gradle/internal/invocation/BuildAction;Lorg/gradle/initialization/BuildRequestContext;Lorg/gradle/launcher/exec/BuildActionParameters;Lorg/gradle/internal/service/ServiceRegistry;)Ljava/lang/Object;+114
j  org.gradle.launcher.exec.ContinuousBuildActionExecuter.execute(Lorg/gradle/internal/invocation/BuildAction;Lorg/gradle/initialization/BuildRequestContext;Ljava/lang/Object;Lorg/gradle/internal/service/ServiceRegistry;)Ljava/lang/Object;+9
j  org.gradle.launcher.daemon.server.exec.ExecuteBuild.doBuild(Lorg/gradle/launcher/daemon/server/api/DaemonCommandExecution;Lorg/gradle/launcher/daemon/protocol/Build;)V+74
j  org.gradle.launcher.daemon.server.exec.BuildCommandOnly.execute(Lorg/gradle/launcher/daemon/server/api/DaemonCommandExecution;)V+49
j  org.gradle.launcher.daemon.server.api.DaemonCommandExecution.proceed()Z+28
j  org.gradle.launcher.daemon.server.exec.WatchForDisconnection.execute(Lorg/gradle/launcher/daemon/server/api/DaemonCommandExecution;)V+19
j  org.gradle.launcher.daemon.server.api.DaemonCommandExecution.proceed()Z+28
j  org.gradle.launcher.daemon.server.exec.ResetDeprecationLogger.execute(Lorg/gradle/launcher/daemon/server/api/DaemonCommandExecution;)V+4
j  org.gradle.launcher.daemon.server.api.DaemonCommandExecution.proceed()Z+28
j  org.gradle.launcher.daemon.server.exec.RequestStopIfSingleUsedDaemon.execute(Lorg/gradle/launcher/daemon/server/api/DaemonCommandExecution;)V+31
j  org.gradle.launcher.daemon.server.api.DaemonCommandExecution.proceed()Z+28
j  org.gradle.launcher.daemon.server.exec.ForwardClientInput$2.call()Ljava/lang/Void;+4
j  org.gradle.launcher.daemon.server.exec.ForwardClientInput$2.call()Ljava/lang/Object;+1
j  org.gradle.util.Swapper.swap(Ljava/lang/Object;Ljava/util/concurrent/Callable;)Ljava/lang/Object;+21
j  org.gradle.launcher.daemon.server.exec.ForwardClientInput.execute(Lorg/gradle/launcher/daemon/server/api/DaemonCommandExecution;)V+63
j  org.gradle.launcher.daemon.server.api.DaemonCommandExecution.proceed()Z+28
j  org.gradle.launcher.daemon.server.health.DaemonHealthTracker.execute(Lorg/gradle/launcher/daemon/server/api/DaemonCommandExecution;)V+35
j  org.gradle.launcher.daemon.server.api.DaemonCommandExecution.proceed()Z+28
j  org.gradle.launcher.daemon.server.exec.LogToClient.doBuild(Lorg/gradle/launcher/daemon/server/api/DaemonCommandExecution;Lorg/gradle/launcher/daemon/protocol/Build;)V+87
j  org.gradle.launcher.daemon.server.exec.BuildCommandOnly.execute(Lorg/gradle/launcher/daemon/server/api/DaemonCommandExecution;)V+49
j  org.gradle.launcher.daemon.server.api.DaemonCommandExecution.proceed()Z+28
j  org.gradle.launcher.daemon.server.exec.EstablishBuildEnvironment.doBuild(Lorg/gradle/launcher/daemon/server/api/DaemonCommandExecution;Lorg/gradle/launcher/daemon/protocol/Build;)V+279
j  org.gradle.launcher.daemon.server.exec.BuildCommandOnly.execute(Lorg/gradle/launcher/daemon/server/api/DaemonCommandExecution;)V+49
j  org.gradle.launcher.daemon.server.api.DaemonCommandExecution.proceed()Z+28
j  org.gradle.launcher.daemon.server.health.HintGCAfterBuild.execute(Lorg/gradle/launcher/daemon/server/api/DaemonCommandExecution;)V+1
j  org.gradle.launcher.daemon.server.api.DaemonCommandExecution.proceed()Z+28
j  org.gradle.launcher.daemon.server.exec.StartBuildOrRespondWithBusy$1.run()V+44
j  org.gradle.launcher.daemon.server.DaemonStateCoordinator$1.run()V+4
j  org.gradle.internal.concurrent.ExecutorPolicy$CatchAndRecordFailures.onExecute(Ljava/lang/Runnable;)V+1
j  org.gradle.internal.concurrent.StoppableExecutorImpl$1.run()V+25
j  java.util.concurrent.ThreadPoolExecutor.runWorker(Ljava/util/concurrent/ThreadPoolExecutor$Worker;)V+95
j  java.util.concurrent.ThreadPoolExecutor$Worker.run()V+5
j  java.lang.Thread.run()V+11
v  ~StubRoutines::call_stub

---------------  P R O C E S S  ---------------

Java Threads: ( => current thread )
  0x00000000192b2800 JavaThread "Stdin handler" [_thread_blocked, id=47716, stack(0x000000001a000000,0x000000001a100000)]
  0x00000000192b0800 JavaThread "Asynchronous log dispatcher for org.gradle.launcher.daemon.server.DefaultDaemonConnection@b413771" [_thread_blocked, id=47688, stack(0x0000000019f00000,0x000000001a000000)]
  0x00000000192a9800 JavaThread "Cancel handler" [_thread_blocked, id=47456, stack(0x0000000019b00000,0x0000000019c00000)]
  0x00000000192ab000 JavaThread "Handler for socket connection from /127.0.0.1:49576 to /127.0.0.1:53987" [_thread_in_native, id=47660, stack(0x0000000019a00000,0x0000000019b00000)]
  0x000000001abaa800 JavaThread "pool-6-thread-4" [_thread_blocked, id=46376, stack(0x0000000021870000,0x0000000021970000)]
  0x000000001abad800 JavaThread "pool-6-thread-3" [_thread_blocked, id=46372, stack(0x0000000021770000,0x0000000021870000)]
  0x000000001aba9800 JavaThread "pool-6-thread-2" [_thread_blocked, id=46368, stack(0x0000000021670000,0x0000000021770000)]
  0x000000001abac800 JavaThread "pool-6-thread-1" [_thread_blocked, id=46364, stack(0x0000000021570000,0x0000000021670000)]
=>0x000000001aba6000 JavaThread "Daemon worker Thread 2" [_thread_in_vm, id=46304, stack(0x0000000019c00000,0x0000000019d00000)]
  0x000000001aba3800 JavaThread "Daemon Thread 2" [_thread_blocked, id=46280, stack(0x0000000019900000,0x0000000019a00000)]
  0x000000001a8ee000 JavaThread "pool-2-thread-1" [_thread_blocked, id=34224, stack(0x000000001e260000,0x000000001e360000)]
  0x000000001728a800 JavaThread "File lock request listener" [_thread_in_native, id=42488, stack(0x000000001b4d0000,0x000000001b5d0000)]
  0x00000000186fc800 JavaThread "pool-1-thread-1" [_thread_blocked, id=42380, stack(0x0000000019800000,0x0000000019900000)]
  0x0000000018b9f800 JavaThread "Incoming local TCP Connector on port 49576" [_thread_in_native, id=37656, stack(0x00000000194a0000,0x00000000195a0000)]
  0x0000000017248800 JavaThread "Service Thread" daemon [_thread_blocked, id=42192, stack(0x0000000017ad0000,0x0000000017bd0000)]
  0x0000000015e73000 JavaThread "C1 CompilerThread2" daemon [_thread_blocked, id=42196, stack(0x00000000179d0000,0x0000000017ad0000)]
  0x0000000015e6f000 JavaThread "C2 CompilerThread1" daemon [_thread_in_native, id=42208, stack(0x00000000178d0000,0x00000000179d0000)]
  0x0000000015e6a000 JavaThread "C2 CompilerThread0" daemon [_thread_in_native, id=42204, stack(0x00000000177d0000,0x00000000178d0000)]
  0x0000000015eb9800 JavaThread "Attach Listener" daemon [_thread_blocked, id=42200, stack(0x00000000176d0000,0x00000000177d0000)]
  0x00000000171d8800 JavaThread "Signal Dispatcher" daemon [_thread_blocked, id=42220, stack(0x00000000175d0000,0x00000000176d0000)]
  0x0000000015e48800 JavaThread "Finalizer" daemon [_thread_blocked, id=42216, stack(0x00000000170d0000,0x00000000171d0000)]
  0x00000000024e1800 JavaThread "Reference Handler" daemon [_thread_blocked, id=42212, stack(0x0000000016fd0000,0x00000000170d0000)]
  0x00000000023f0800 JavaThread "main" [_thread_blocked, id=42252, stack(0x0000000001f20000,0x0000000002020000)]

Other Threads:
  0x0000000015e26800 VMThread [stack: 0x0000000016ed0000,0x0000000016fd0000] [id=42224]
  0x0000000017249000 WatcherThread [stack: 0x0000000017bd0000,0x0000000017cd0000] [id=18368]

VM state:not at safepoint (normal execution)

VM Mutex/Monitor currently owned by a thread: None

Heap:
 PSYoungGen      total 471040K, used 199383K [0x00000000e0000000, 0x0000000100000000, 0x0000000100000000)
  eden space 425472K, 46% used [0x00000000e0000000,0x00000000ec2b5d70,0x00000000f9f80000)
  from space 45568K, 0% used [0x00000000f9f80000,0x00000000f9f80000,0x00000000fcc00000)
  to   space 46080K, 0% used [0x00000000fd300000,0x00000000fd300000,0x0000000100000000)
 ParOldGen       total 163328K, used 31718K [0x00000000a0000000, 0x00000000a9f80000, 0x00000000e0000000)
  object space 163328K, 19% used [0x00000000a0000000,0x00000000a1ef9bd8,0x00000000a9f80000)
 Metaspace       used 66634K, capacity 68330K, committed 69936K, reserved 1110016K
  class space    used 8509K, capacity 8844K, committed 9264K, reserved 1048576K

Card table byte_map: [0x00000000118b0000,0x0000000011bc0000] byte_map_base: 0x00000000113b0000

Marking Bits: (ParMarkBitMap*) 0x000000006eb89d00
 Begin Bits: [0x00000000121c0000, 0x00000000139c0000)
 End Bits:   [0x00000000139c0000, 0x00000000151c0000)

Polling page: 0x0000000000660000

CodeCache: size=245760Kb used=40255Kb max_used=40255Kb free=205504Kb
 bounds [0x00000000024f0000, 0x0000000004c80000, 0x00000000114f0000]
 total_blobs=12549 nmethods=11792 adapters=669
 compilation: enabled

Compilation events (10 events):
Event: 3419.839 Thread 0x0000000015e73000 14265       3       org.gradle.api.internal.ExtensibleDynamicObject$InheritedDynamicObject::hasProperty (14 bytes)
Event: 3419.839 Thread 0x0000000015e73000 nmethod 14265 0x0000000004c6c110 code [0x0000000004c6c2a0, 0x0000000004c6c558]
Event: 3419.845 Thread 0x0000000015e73000 14266       3       java.text.StringCharacterIterator::next (46 bytes)
Event: 3419.845 Thread 0x0000000015e73000 nmethod 14266 0x0000000004c6c690 code [0x0000000004c6c820, 0x0000000004c6cc08]
Event: 3419.845 Thread 0x0000000015e73000 14267       3       org.apache.tools.ant.Project$AntRefTable::get (29 bytes)
Event: 3419.846 Thread 0x0000000015e73000 nmethod 14267 0x0000000004c6cd90 code [0x0000000004c6cf40, 0x0000000004c6d4c8]
Event: 3419.859 Thread 0x0000000015e73000 14269       1       org.gradle.model.internal.registry.ModelNodeInternal::setState (6 bytes)
Event: 3419.860 Thread 0x0000000015e73000 nmethod 14269 0x0000000004c6d650 code [0x0000000004c6d7a0, 0x0000000004c6d8d0]
Event: 3419.860 Thread 0x0000000015e73000 14270   !   3       org.gradle.model.internal.method.WeaklyTypeReferencingMethod::getMethod (47 bytes)
Event: 3419.862 Thread 0x0000000015e73000 nmethod 14270 0x0000000004c6d950 code [0x0000000004c6dc60, 0x0000000004c6f398]

GC Heap History (10 events):
Event: 3379.454 GC heap before
{Heap before GC invocations=22 (full 4):
 PSYoungGen      total 273408K, used 263854K [0x00000000e0000000, 0x00000000f9c00000, 0x0000000100000000)
  eden space 239104K, 100% used [0x00000000e0000000,0x00000000ee980000,0x00000000ee980000)
  from space 34304K, 72% used [0x00000000ee980000,0x00000000f01ab8a8,0x00000000f0b00000)
  to   space 35840K, 0% used [0x00000000f7900000,0x00000000f7900000,0x00000000f9c00000)
 ParOldGen       total 163328K, used 72161K [0x00000000a0000000, 0x00000000a9f80000, 0x00000000e0000000)
  object space 163328K, 44% used [0x00000000a0000000,0x00000000a46784c0,0x00000000a9f80000)
 Metaspace       used 63668K, capacity 65118K, committed 68272K, reserved 1107968K
  class space    used 8135K, capacity 8390K, committed 9136K, reserved 1048576K
Event: 3379.553 GC heap after
Heap after GC invocations=22 (full 4):
 PSYoungGen      total 334848K, used 17840K [0x00000000e0000000, 0x00000000f8a80000, 0x0000000100000000)
  eden space 316928K, 0% used [0x00000000e0000000,0x00000000e0000000,0x00000000f3580000)
  from space 17920K, 99% used [0x00000000f7900000,0x00000000f8a6c090,0x00000000f8a80000)
  to   space 34816K, 0% used [0x00000000f4680000,0x00000000f4680000,0x00000000f6880000)
 ParOldGen       total 163328K, used 86084K [0x00000000a0000000, 0x00000000a9f80000, 0x00000000e0000000)
  object space 163328K, 52% used [0x00000000a0000000,0x00000000a54110a8,0x00000000a9f80000)
 Metaspace       used 63668K, capacity 65118K, committed 68272K, reserved 1107968K
  class space    used 8135K, capacity 8390K, committed 9136K, reserved 1048576K
}
Event: 3380.847 GC heap before
{Heap before GC invocations=23 (full 4):
 PSYoungGen      total 334848K, used 334768K [0x00000000e0000000, 0x00000000f8a80000, 0x0000000100000000)
  eden space 316928K, 100% used [0x00000000e0000000,0x00000000f3580000,0x00000000f3580000)
  from space 17920K, 99% used [0x00000000f7900000,0x00000000f8a6c090,0x00000000f8a80000)
  to   space 34816K, 0% used [0x00000000f4680000,0x00000000f4680000,0x00000000f6880000)
 ParOldGen       total 163328K, used 86084K [0x00000000a0000000, 0x00000000a9f80000, 0x00000000e0000000)
  object space 163328K, 52% used [0x00000000a0000000,0x00000000a54110a8,0x00000000a9f80000)
 Metaspace       used 63697K, capacity 65182K, committed 68272K, reserved 1107968K
  class space    used 8135K, capacity 8390K, committed 9136K, reserved 1048576K
Event: 3380.967 GC heap after
Heap after GC invocations=23 (full 4):
 PSYoungGen      total 369152K, used 34786K [0x00000000e0000000, 0x00000000ffa00000, 0x0000000100000000)
  eden space 334336K, 0% used [0x00000000e0000000,0x00000000e0000000,0x00000000f4680000)
  from space 34816K, 99% used [0x00000000f4680000,0x00000000f6878810,0x00000000f6880000)
  to   space 47104K, 0% used [0x00000000fcc00000,0x00000000fcc00000,0x00000000ffa00000)
 ParOldGen       total 163328K, used 105333K [0x00000000a0000000, 0x00000000a9f80000, 0x00000000e0000000)
  object space 163328K, 64% used [0x00000000a0000000,0x00000000a66dd5a0,0x00000000a9f80000)
 Metaspace       used 63697K, capacity 65182K, committed 68272K, reserved 1107968K
  class space    used 8135K, capacity 8390K, committed 9136K, reserved 1048576K
}
Event: 3386.051 GC heap before
{Heap before GC invocations=24 (full 4):
 PSYoungGen      total 369152K, used 368374K [0x00000000e0000000, 0x00000000ffa00000, 0x0000000100000000)
  eden space 334336K, 99% used [0x00000000e0000000,0x00000000f45c51e0,0x00000000f4680000)
  from space 34816K, 99% used [0x00000000f4680000,0x00000000f6878810,0x00000000f6880000)
  to   space 47104K, 0% used [0x00000000fcc00000,0x00000000fcc00000,0x00000000ffa00000)
 ParOldGen       total 163328K, used 105333K [0x00000000a0000000, 0x00000000a9f80000, 0x00000000e0000000)
  object space 163328K, 64% used [0x00000000a0000000,0x00000000a66dd5a0,0x00000000a9f80000)
 Metaspace       used 66042K, capacity 67644K, committed 69680K, reserved 1110016K
  class space    used 8452K, capacity 8785K, committed 9264K, reserved 1048576K
Event: 3386.506 GC heap after
Heap after GC invocations=24 (full 4):
 PSYoungGen      total 472576K, used 22881K [0x00000000e0000000, 0x0000000100000000, 0x0000000100000000)
  eden space 425472K, 0% used [0x00000000e0000000,0x00000000e0000000,0x00000000f9f80000)
  from space 47104K, 48% used [0x00000000fcc00000,0x00000000fe2586e0,0x00000000ffa00000)
  to   space 45568K, 0% used [0x00000000f9f80000,0x00000000f9f80000,0x00000000fcc00000)
 ParOldGen       total 163328K, used 124396K [0x00000000a0000000, 0x00000000a9f80000, 0x00000000e0000000)
  object space 163328K, 76% used [0x00000000a0000000,0x00000000a797b188,0x00000000a9f80000)
 Metaspace       used 66042K, capacity 67644K, committed 69680K, reserved 1110016K
  class space    used 8452K, capacity 8785K, committed 9264K, reserved 1048576K
}
Event: 3387.068 GC heap before
{Heap before GC invocations=25 (full 4):
 PSYoungGen      total 472576K, used 365077K [0x00000000e0000000, 0x0000000100000000, 0x0000000100000000)
  eden space 425472K, 80% used [0x00000000e0000000,0x00000000f4e2ce58,0x00000000f9f80000)
  from space 47104K, 48% used [0x00000000fcc00000,0x00000000fe2586e0,0x00000000ffa00000)
  to   space 45568K, 0% used [0x00000000f9f80000,0x00000000f9f80000,0x00000000fcc00000)
 ParOldGen       total 163328K, used 124396K [0x00000000a0000000, 0x00000000a9f80000, 0x00000000e0000000)
  object space 163328K, 76% used [0x00000000a0000000,0x00000000a797b188,0x00000000a9f80000)
 Metaspace       used 66185K, capacity 67850K, committed 69680K, reserved 1110016K
  class space    used 8472K, capacity 8800K, committed 9264K, reserved 1048576K
Event: 3387.101 GC heap after
Heap after GC invocations=25 (full 4):
 PSYoungGen      total 471040K, used 160K [0x00000000e0000000, 0x0000000100000000, 0x0000000100000000)
  eden space 425472K, 0% used [0x00000000e0000000,0x00000000e0000000,0x00000000f9f80000)
  from space 45568K, 0% used [0x00000000f9f80000,0x00000000f9fa8000,0x00000000fcc00000)
  to   space 46080K, 0% used [0x00000000fd300000,0x00000000fd300000,0x0000000100000000)
 ParOldGen       total 163328K, used 140753K [0x00000000a0000000, 0x00000000a9f80000, 0x00000000e0000000)
  object space 163328K, 86% used [0x00000000a0000000,0x00000000a8974760,0x00000000a9f80000)
 Metaspace       used 66185K, capacity 67850K, committed 69680K, reserved 1110016K
  class space    used 8472K, capacity 8800K, committed 9264K, reserved 1048576K
}
Event: 3387.101 GC heap before
{Heap before GC invocations=26 (full 5):
 PSYoungGen      total 471040K, used 160K [0x00000000e0000000, 0x0000000100000000, 0x0000000100000000)
  eden space 425472K, 0% used [0x00000000e0000000,0x00000000e0000000,0x00000000f9f80000)
  from space 45568K, 0% used [0x00000000f9f80000,0x00000000f9fa8000,0x00000000fcc00000)
  to   space 46080K, 0% used [0x00000000fd300000,0x00000000fd300000,0x0000000100000000)
 ParOldGen       total 163328K, used 140753K [0x00000000a0000000, 0x00000000a9f80000, 0x00000000e0000000)
  object space 163328K, 86% used [0x00000000a0000000,0x00000000a8974760,0x00000000a9f80000)
 Metaspace       used 66185K, capacity 67850K, committed 69680K, reserved 1110016K
  class space    used 8472K, capacity 8800K, committed 9264K, reserved 1048576K
Event: 3387.392 GC heap after
Heap after GC invocations=26 (full 5):
 PSYoungGen      total 471040K, used 0K [0x00000000e0000000, 0x0000000100000000, 0x0000000100000000)
  eden space 425472K, 0% used [0x00000000e0000000,0x00000000e0000000,0x00000000f9f80000)
  from space 45568K, 0% used [0x00000000f9f80000,0x00000000f9f80000,0x00000000fcc00000)
  to   space 46080K, 0% used [0x00000000fd300000,0x00000000fd300000,0x0000000100000000)
 ParOldGen       total 163328K, used 31718K [0x00000000a0000000, 0x00000000a9f80000, 0x00000000e0000000)
  object space 163328K, 19% used [0x00000000a0000000,0x00000000a1ef9bd8,0x00000000a9f80000)
 Metaspace       used 66135K, capacity 67694K, committed 69680K, reserved 1110016K
  class space    used 8458K, capacity 8774K, committed 9264K, reserved 1048576K
}

Deoptimization events (10 events):
Event: 3419.146 Thread 0x000000001aba6000 Uncommon trap: reason=unstable_if action=reinterpret pc=0x00000000036534a0 method=java.lang.ref.SoftReference.get()Ljava/lang/Object; @ 6
Event: 3419.223 Thread 0x000000001aba6000 Uncommon trap: reason=predicate action=maybe_recompile pc=0x0000000004aadefc method=java.util.ArrayList.remove(Ljava/lang/Object;)Z @ 49
Event: 3419.498 Thread 0x000000001aba6000 Uncommon trap: reason=class_check action=maybe_recompile pc=0x0000000004a7d7a4 method=java.util.AbstractMap.isEmpty()Z @ 1
Event: 3419.541 Thread 0x000000001aba6000 Uncommon trap: reason=predicate action=maybe_recompile pc=0x0000000004c1e268 method=java.util.ComparableTimSort.binarySort([Ljava/lang/Object;III)V @ 37
Event: 3419.548 Thread 0x000000001aba6000 Uncommon trap: reason=array_check action=maybe_recompile pc=0x000000000443ae54 method=java.util.ComparableTimSort.binarySort([Ljava/lang/Object;III)V @ 215
Event: 3419.656 Thread 0x000000001aba6000 Uncommon trap: reason=class_check action=maybe_recompile pc=0x0000000004a7d7a4 method=java.util.AbstractMap.isEmpty()Z @ 1
Event: 3419.816 Thread 0x000000001aba6000 Uncommon trap: reason=array_check action=maybe_recompile pc=0x0000000004c2040c method=java.util.ComparableTimSort.binarySort([Ljava/lang/Object;III)V @ 193
Event: 3419.816 Thread 0x000000001aba6000 Uncommon trap: reason=array_check action=maybe_recompile pc=0x0000000004c2040c method=java.util.ComparableTimSort.binarySort([Ljava/lang/Object;III)V @ 193
Event: 3419.816 Thread 0x000000001aba6000 Uncommon trap: reason=array_check action=maybe_recompile pc=0x0000000004c2040c method=java.util.ComparableTimSort.binarySort([Ljava/lang/Object;III)V @ 193
Event: 3419.851 Thread 0x000000001aba6000 Uncommon trap: reason=array_check action=maybe_recompile pc=0x000000000443ae54 method=java.util.ComparableTimSort.binarySort([Ljava/lang/Object;III)V @ 215

Internal exceptions (10 events):
Event: 3419.217 Thread 0x000000001aba6000 Exception <a 'sun/nio/fs/WindowsException'> (0x00000000e7c575f0) thrown at [C:\src\android\AOSP-openjdk\external\jetbrains\jdk\hotspot\src\share\vm\prims\jni.cpp, line 709]
Event: 3419.217 Thread 0x000000001aba6000 Exception <a 'sun/nio/fs/WindowsException'> (0x00000000e7c581d8) thrown at [C:\src\android\AOSP-openjdk\external\jetbrains\jdk\hotspot\src\share\vm\prims\jni.cpp, line 709]
Event: 3419.217 Thread 0x000000001aba6000 Exception <a 'sun/nio/fs/WindowsException'> (0x00000000e7c5ac70) thrown at [C:\src\android\AOSP-openjdk\external\jetbrains\jdk\hotspot\src\share\vm\prims\jni.cpp, line 709]
Event: 3419.217 Thread 0x000000001aba6000 Exception <a 'sun/nio/fs/WindowsException'> (0x00000000e7c5b890) thrown at [C:\src\android\AOSP-openjdk\external\jetbrains\jdk\hotspot\src\share\vm\prims\jni.cpp, line 709]
Event: 3419.217 Thread 0x000000001aba6000 Exception <a 'sun/nio/fs/WindowsException'> (0x00000000e7c5d4f8) thrown at [C:\src\android\AOSP-openjdk\external\jetbrains\jdk\hotspot\src\share\vm\prims\jni.cpp, line 709]
Event: 3419.218 Thread 0x000000001aba6000 Exception <a 'sun/nio/fs/WindowsException'> (0x00000000e7c5e150) thrown at [C:\src\android\AOSP-openjdk\external\jetbrains\jdk\hotspot\src\share\vm\prims\jni.cpp, line 709]
Event: 3419.218 Thread 0x000000001aba6000 Exception <a 'sun/nio/fs/WindowsException'> (0x00000000e7c60db0) thrown at [C:\src\android\AOSP-openjdk\external\jetbrains\jdk\hotspot\src\share\vm\prims\jni.cpp, line 709]
Event: 3419.218 Thread 0x000000001aba6000 Exception <a 'sun/nio/fs/WindowsException'> (0x00000000e7c61a48) thrown at [C:\src\android\AOSP-openjdk\external\jetbrains\jdk\hotspot\src\share\vm\prims\jni.cpp, line 709]
Event: 3419.218 Thread 0x000000001aba6000 Exception <a 'sun/nio/fs/WindowsException'> (0x00000000e7c63728) thrown at [C:\src\android\AOSP-openjdk\external\jetbrains\jdk\hotspot\src\share\vm\prims\jni.cpp, line 709]
Event: 3419.218 Thread 0x000000001aba6000 Exception <a 'sun/nio/fs/WindowsException'> (0x00000000e7c643f8) thrown at [C:\src\android\AOSP-openjdk\external\jetbrains\jdk\hotspot\src\share\vm\prims\jni.cpp, line 709]

Events (10 events):
Event: 3419.845 loading class groovy/runtime/metaclass/org/gradle/api/internal/project/DefaultAntBuilderMetaClass done
Event: 3419.850 loading class groovy/runtime/metaclass/com/android/build/gradle/internal/tasks/DeviceProviderInstrumentTestTask_DecoratedMetaClass
Event: 3419.850 loading class groovy/runtime/metaclass/com/android/build/gradle/internal/tasks/DeviceProviderInstrumentTestTask_DecoratedMetaClass done
Event: 3419.851 Thread 0x000000001aba6000 Uncommon trap: trap_request=0xffffffd6 fr.pc=0x000000000443ae54
Event: 3419.851 Thread 0x000000001aba6000 DEOPT PACKING pc=0x000000000443ae54 sp=0x0000000019cfbe30
Event: 3419.851 Thread 0x000000001aba6000 DEOPT UNPACKING pc=0x000000000253556a sp=0x0000000019cfbdd8 mode 2
Event: 3419.858 Thread 0x000000001aba6000 DEOPT PACKING pc=0x0000000003da5a60 sp=0x0000000019cfd6e0
Event: 3419.858 Thread 0x000000001aba6000 DEOPT UNPACKING pc=0x00000000025375bf sp=0x0000000019cfd300 mode 0
Event: 3419.860 loading class groovy/runtime/metaclass/org/gradle/platform/base/BinaryContainer_ImplMetaClass
Event: 3419.860 loading class groovy/runtime/metaclass/org/gradle/platform/base/BinaryContainer_ImplMetaClass done


Dynamic libraries:
0x00007ff605b70000 - 0x00007ff605ba1000 	C:\Program Files\Android\Android Studio\jre\bin\java.exe
0x00007ff98fe10000 - 0x00007ff98ffbd000 	C:\WINDOWS\SYSTEM32\ntdll.dll
0x00007ff98fc70000 - 0x00007ff98fdae000 	C:\WINDOWS\system32\KERNEL32.DLL
0x00007ff98d310000 - 0x00007ff98d425000 	C:\WINDOWS\system32\KERNELBASE.dll
0x00007ff98dec0000 - 0x00007ff98df6a000 	C:\WINDOWS\system32\ADVAPI32.dll
0x00007ff98da40000 - 0x00007ff98dbb7000 	C:\WINDOWS\system32\USER32.dll
0x00007ff98b010000 - 0x00007ff98b28b000 	C:\WINDOWS\WinSxS\amd64_microsoft.windows.common-controls_6595b64144ccf1df_6.0.9600.18006_none_623f33d3ecbe86e8\COMCTL32.dll
0x00007ff98d6e0000 - 0x00007ff98d78a000 	C:\WINDOWS\system32\msvcrt.dll
0x00007ff98fdb0000 - 0x00007ff98fe09000 	C:\WINDOWS\SYSTEM32\sechost.dll
0x00007ff98df80000 - 0x00007ff98e0c0000 	C:\WINDOWS\system32\RPCRT4.dll
0x00007ff98fb10000 - 0x00007ff98fc5f000 	C:\WINDOWS\system32\GDI32.dll
0x00007ff98d000000 - 0x00007ff98d02e000 	C:\WINDOWS\system32\SspiCli.dll
0x00007ff98d500000 - 0x00007ff98d536000 	C:\WINDOWS\system32\IMM32.DLL
0x00007ff98dbc0000 - 0x00007ff98dd12000 	C:\WINDOWS\system32\MSCTF.dll
0x000000006f570000 - 0x000000006f642000 	C:\Program Files\Android\Android Studio\jre\jre\bin\msvcr100.dll
0x000000006e3d0000 - 0x000000006ec04000 	C:\Program Files\Android\Android Studio\jre\jre\bin\server\jvm.dll
0x00007ff9877b0000 - 0x00007ff9877b9000 	C:\WINDOWS\SYSTEM32\WSOCK32.dll
0x00007ff97fb30000 - 0x00007ff97fb52000 	C:\WINDOWS\SYSTEM32\WINMM.dll
0x00007ff9868d0000 - 0x00007ff9868da000 	C:\WINDOWS\SYSTEM32\VERSION.dll
0x00007ff98df70000 - 0x00007ff98df77000 	C:\WINDOWS\system32\PSAPI.DLL
0x00007ff98f7c0000 - 0x00007ff98f81a000 	C:\WINDOWS\system32\WS2_32.dll
0x00007ff97fb00000 - 0x00007ff97fb2a000 	C:\WINDOWS\SYSTEM32\WINMMBASE.dll
0x00007ff98fc60000 - 0x00007ff98fc69000 	C:\WINDOWS\system32\NSI.dll
0x00007ff98d0e0000 - 0x00007ff98d12f000 	C:\WINDOWS\SYSTEM32\cfgmgr32.dll
0x00007ff98bd40000 - 0x00007ff98bd68000 	C:\WINDOWS\SYSTEM32\DEVOBJ.dll
0x00007ff988870000 - 0x00007ff98887f000 	C:\Program Files\Android\Android Studio\jre\jre\bin\verify.dll
0x00007ff9869b0000 - 0x00007ff9869d9000 	C:\Program Files\Android\Android Studio\jre\jre\bin\java.dll
0x00007ff988250000 - 0x00007ff988266000 	C:\Program Files\Android\Android Studio\jre\jre\bin\zip.dll
0x00007ff98e0d0000 - 0x00007ff98f5f8000 	C:\WINDOWS\system32\SHELL32.dll
0x00007ff98f8f0000 - 0x00007ff98fb01000 	C:\WINDOWS\SYSTEM32\combase.dll
0x00007ff98dde0000 - 0x00007ff98de34000 	C:\WINDOWS\system32\SHLWAPI.dll
0x00007ff98b4b0000 - 0x00007ff98b562000 	C:\WINDOWS\SYSTEM32\SHCORE.dll
0x00007ff98cf30000 - 0x00007ff98cf45000 	C:\WINDOWS\SYSTEM32\profapi.dll
0x00007ff988190000 - 0x00007ff9881aa000 	C:\Program Files\Android\Android Studio\jre\jre\bin\net.dll
0x00007ff98c750000 - 0x00007ff98c7a9000 	C:\WINDOWS\system32\mswsock.dll
0x00007ff986990000 - 0x00007ff9869a1000 	C:\Program Files\Android\Android Studio\jre\jre\bin\nio.dll
0x00007ff982530000 - 0x00007ff982542000 	C:\Users\ElephantFly\.gradle\native\19\windows-amd64\native-platform.dll
0x00007ff98c7b0000 - 0x00007ff98c7d0000 	C:\WINDOWS\SYSTEM32\CRYPTSP.dll
0x00007ff98c3d0000 - 0x00007ff98c406000 	C:\WINDOWS\system32\rsaenh.dll
0x00007ff98ca00000 - 0x00007ff98ca26000 	C:\WINDOWS\SYSTEM32\bcrypt.dll
0x00007ff98c4e0000 - 0x00007ff98c501000 	C:\WINDOWS\SYSTEM32\USERENV.dll
0x00007ff98cd90000 - 0x00007ff98cdf3000 	C:\WINDOWS\system32\bcryptprimitives.dll
0x00007ff98ce00000 - 0x00007ff98ce0b000 	C:\WINDOWS\SYSTEM32\CRYPTBASE.dll
0x00007ff9867b0000 - 0x00007ff9867da000 	C:\WINDOWS\SYSTEM32\IPHLPAPI.DLL
0x00007ff986780000 - 0x00007ff98678a000 	C:\WINDOWS\SYSTEM32\WINNSI.DLL
0x00007ff986260000 - 0x00007ff986276000 	C:\WINDOWS\SYSTEM32\dhcpcsvc6.DLL
0x00007ff9864e0000 - 0x00007ff9864fa000 	C:\WINDOWS\SYSTEM32\dhcpcsvc.DLL
0x00007ff988380000 - 0x00007ff98838d000 	C:\Program Files\Android\Android Studio\jre\jre\bin\management.dll
0x00007ff981640000 - 0x00007ff981664000 	C:\Program Files\Android\Android Studio\jre\jre\bin\sunec.dll
0x00007ff982b20000 - 0x00007ff982b2b000 	C:\Program Files\Android\Android Studio\jre\jre\bin\sunmscapi.dll
0x00007ff98d130000 - 0x00007ff98d30f000 	C:\WINDOWS\system32\CRYPT32.dll
0x00007ff98cfe0000 - 0x00007ff98cff1000 	C:\WINDOWS\system32\MSASN1.dll
0x00007ff988630000 - 0x00007ff9887b9000 	C:\WINDOWS\SYSTEM32\dbghelp.dll

VM Arguments:
jvm_args: -Xmx1536m -Dfile.encoding=GBK -Duser.country=CN -Duser.language=zh -Duser.variant 
java_command: org.gradle.launcher.daemon.bootstrap.GradleDaemon 2.14.1
java_class_path (initial): C:\Program Files\Android\Android Studio\gradle\gradle-2.14.1\lib\gradle-launcher-2.14.1.jar
Launcher Type: SUN_STANDARD

Environment Variables:
PATH=C:\Program Files (x86)\Intel\iCLS Client\;C:\Program Files\Intel\iCLS Client\;C:\WINDOWS\system32;C:\WINDOWS;C:\WINDOWS\System32\Wbem;C:\WINDOWS\System32\WindowsPowerShell\v1.0\;C:\Program Files\Intel\Intel(R) Management Engine Components\DAL;C:\Program Files (x86)\Intel\Intel(R) Management Engine Components\DAL;C:\Program Files\Intel\Intel(R) Management Engine Components\IPT;C:\Program Files (x86)\Intel\Intel(R) Management Engine Components\IPT;C:\Program Files (x86)\ATI Technologies\ATI.ACE\Core-Static;D:\Softwares\Git\cmd
USERNAME=ElephantFly
OS=Windows_NT
PROCESSOR_IDENTIFIER=Intel64 Family 6 Model 61 Stepping 4, GenuineIntel



---------------  S Y S T E M  ---------------

OS: Windows 8.1 , 64 bit Build 9600 (6.3.9600.17415)

CPU:total 4 (2 cores per cpu, 2 threads per core) family 6 model 61 stepping 4, cmov, cx8, fxsr, mmx, sse, sse2, sse3, ssse3, sse4.1, sse4.2, popcnt, avx, avx2, aes, clmul, erms, 3dnowpref, lzcnt, ht, tsc, tscinvbit, bmi1, bmi2, adx

Memory: 4k page, physical 8289208k(3674264k free), swap 11371916k(5816700k free)

vm_info: OpenJDK 64-Bit Server VM (25.76-b03) for windows-amd64 JRE (1.8.0_76-release-b03), built on Jun 29 2016 19:09:20 by "ralucas" with MS VC++ 10.0 (VS2010)

time: Sat Apr 08 19:02:27 2017
elapsed time: 3419 seconds (0d 0h 56m 59s)

